<?xml version="1.0" encoding="UTF-8"?>
<!-- Generated by org.testng.reporters.JUnitXMLReporter -->
<testsuite hostname="Aruns-MacBook-Pro.local" ignored="1" name="My Functional Regression Test" tests="2" failures="0" timestamp="26 Jan 2020 20:45:21 GMT" time="16.869" errors="0">
  <testcase name="test4" time="0.004" classname="TestNGSessions.PriorityConcept"/>
  <testcase name="verifyTitleTest" time="4.975" classname="MyTests.LoginPageTest_Case1"/>
  <testcase name="test3" time="0.0" classname="TestNGSessions.PriorityConcept">
    <ignored/>
  </testcase> <!-- test3 -->
</testsuite> <!-- My Functional Regression Test -->
